INFO:root:[TIME LOG 1] - Establishing Driver Connection took 4.531542062759399 seconds
INFO:root:[TIME LOG 2] - Creating Empty Dataframe took 0.003510713577270508 seconds
INFO:root:[TIME LOG 3 SUMMARY] - Fetching Player Data took 11.008715867996216 seconds
INFO:root:[TIME LOG 4] - Replace - with 0 took 0.0 seconds
INFO:root:[TIME LOG 5] - Remove Nan rows took 0.017995357513427734 seconds
INFO:root:[TIME LOG FINAL SUMMARY] - Whole Process took 15.793833017349243 seconds
INFO:root:[LOG SUMMARY] - Summary Fetching Done
INFO:root:[TIME LOG 1] - Establishing Driver Connection took 5.007577180862427 seconds
INFO:root:[TIME LOG 2] - Creating Empty Dataframe took 0.003000020980834961 seconds
INFO:root:[TIME LOG 3 SUMMARY] - Fetching Player Data took 11.596449851989746 seconds
INFO:root:[TIME LOG 4] - Replace - with 0 took 0.0 seconds
INFO:root:[TIME LOG 5] - Remove Nan rows took 0.015547990798950195 seconds
INFO:root:[TIME LOG FINAL SUMMARY] - Whole Process took 16.900078058242798 seconds
INFO:root:[LOG SUMMARY] - Summary Fetching Done
INFO:root:[TIME LOG 1] - Establishing Driver Connection took 6.5518598556518555 seconds
INFO:root:[TIME LOG 1.1] - Establishing Detailed Driver Connection took 8.302941083908081 seconds
INFO:root:[TIME LOG 2] - Creating Empty Dataframe took 0.002001047134399414 seconds
INFO:root:[TIME LOG 1] - Establishing Driver Connection took 7.168639421463013 seconds
INFO:root:[TIME LOG 2] - Creating Empty Dataframe took 0.002524137496948242 seconds
INFO:root:[TIME LOG 3 SUMMARY] - Fetching Player Data took 10.648359775543213 seconds
INFO:root:[TIME LOG 4] - Replace - with 0 took 0.0 seconds
INFO:root:[TIME LOG 5] - Remove Nan rows took 0.016045570373535156 seconds
INFO:root:[TIME LOG FINAL SUMMARY] - Whole Process took 18.253892421722412 seconds
INFO:root:[LOG SUMMARY] - Summary Fetching Done
INFO:root:[TIME LOG 1] - Establishing Driver Connection took 5.661269187927246 seconds
INFO:root:[TIME LOG 2] - Creating Empty Dataframe took 0.0017826557159423828 seconds
INFO:root:[TIME LOG 3 SUMMARY] - Fetching Player Data took 10.595242977142334 seconds
INFO:root:[TIME LOG 4] - Replace - with 0 took 0.0 seconds
INFO:root:[TIME LOG 5] - Remove Nan rows took 0.017998933792114258 seconds
INFO:root:[TIME LOG FINAL SUMMARY] - Whole Process took 16.481332540512085 seconds
INFO:root:[LOG SUMMARY] - Summary Fetching Done
INFO:root:[TIME LOG 1] - Establishing Driver Connection took 5.789705514907837 seconds
INFO:root:[TIME LOG 2] - Creating Empty Dataframe took 0.002007722854614258 seconds
INFO:root:[TIME LOG 3 SUMMARY] - Fetching Player Data took 12.762701749801636 seconds
INFO:root:[TIME LOG 4] - Replace - with 0 took 0.0 seconds
INFO:root:[TIME LOG 5] - Remove Nan rows took 0.028525114059448242 seconds
INFO:root:[TIME LOG FINAL SUMMARY] - Whole Process took 19.042564392089844 seconds
INFO:root:[LOG SUMMARY] - Summary Fetching Done
INFO:root:[TIME LOG 1] - Establishing Driver Connection took 5.078751087188721 seconds
INFO:root:[TIME LOG 2] - Creating Empty Dataframe took 0.003005504608154297 seconds
INFO:root:[TIME LOG 3 SUMMARY] - Fetching Player Data took 11.681227207183838 seconds
INFO:root:[TIME LOG 4] - Replace - with 0 took 0.0 seconds
INFO:root:[TIME LOG 5] - Remove Nan rows took 0.0169985294342041 seconds
INFO:root:[TIME LOG FINAL SUMMARY] - Whole Process took 17.08756399154663 seconds
INFO:root:[LOG SUMMARY] - Summary Fetching Done
